<?xml version="1.0" encoding="UTF-8"?>
<!-- Generated by org.testng.reporters.JUnitReportReporter -->
<testsuite skipped="0" hostname="santhoshs-MacBook-Air.local" name="testcaseExecution.Execution" tests="4" failures="0" timestamp="17 Aug 2019 09:39:41 GMT" time="60.082" errors="0">
  <testcase name="signUpScreenTestcase" time="8.174" classname="testcaseExecution.Execution"/>
  <testcase name="signUpScreenTestcase" time="29.984" classname="testcaseExecution.Execution"/>
  <testcase name="loginTestcase" time="16.865" classname="testcaseExecution.Execution"/>
  <testcase name="loginTestcase" time="5.059" classname="testcaseExecution.Execution"/>
</testsuite> <!-- testcaseExecution.Execution -->
