<?xml version="1.0" encoding="UTF-8"?>
<!-- Generated by org.testng.reporters.JUnitReportReporter -->
<testsuite skipped="3" hostname="santhoshs-MacBook-Air.local" name="com.qa.testcases.ForgetPasswordPageTest" tests="7" failures="0" timestamp="20 Aug 2019 04:58:40 GMT" time="37.629" errors="0">
  <testcase name="redirectedToForgotPasswordPage" time="8.832" classname="com.qa.testcases.ForgetPasswordPageTest"/>
  <testcase name="unregisteredUsername" time="12.516" classname="com.qa.testcases.ForgetPasswordPageTest"/>
  <testcase name="invalidUsername" time="7.408" classname="com.qa.testcases.ForgetPasswordPageTest"/>
  <testcase name="emptyUsername" time="8.873" classname="com.qa.testcases.ForgetPasswordPageTest"/>
  <testcase name="oldPasswordLogin" classname="com.qa.testcases.ForgetPasswordPageTest">
    <skipped/>
  </testcase> <!-- oldPasswordLogin -->
  <testcase name="validUsername" classname="com.qa.testcases.ForgetPasswordPageTest">
    <skipped/>
  </testcase> <!-- validUsername -->
  <testcase name="newPasswordLogin" classname="com.qa.testcases.ForgetPasswordPageTest">
    <skipped/>
  </testcase> <!-- newPasswordLogin -->
</testsuite> <!-- com.qa.testcases.ForgetPasswordPageTest -->
