<?xml version="1.0" encoding="UTF-8"?>
<!-- Generated by org.testng.reporters.JUnitReportReporter -->
<testsuite skipped="13" hostname="santhoshs-MacBook-Air.local" name="com.qa.testcases.LoginPageTest" tests="24" failures="0" timestamp="20 Aug 2019 04:58:50 GMT" time="157.969" errors="0">
  <testcase name="validateLoginPageTitle" time="11.848" classname="com.qa.testcases.LoginPageTest"/>
  <testcase name="logoImageTest" time="6.439" classname="com.qa.testcases.LoginPageTest"/>
  <testcase name="validCredentials" time="27.883" classname="com.qa.testcases.LoginPageTest"/>
  <testcase name="emptyCredentials" time="7.565" classname="com.qa.testcases.LoginPageTest"/>
  <testcase name="emptyUsername" time="8.818" classname="com.qa.testcases.LoginPageTest"/>
  <testcase name="emptyPassword" time="9.727" classname="com.qa.testcases.LoginPageTest"/>
  <testcase name="unregisteredUsername" time="16.015" classname="com.qa.testcases.LoginPageTest"/>
  <testcase name="invalidPassword" time="25.594" classname="com.qa.testcases.LoginPageTest"/>
  <testcase name="invalidUsername" time="7.751" classname="com.qa.testcases.LoginPageTest"/>
  <testcase name="isPasswordVisible" time="24.026" classname="com.qa.testcases.LoginPageTest"/>
  <testcase name="isEnterKeyAllowed" time="12.303" classname="com.qa.testcases.LoginPageTest"/>
  <testcase name="unSuccessfulLoginAttempts" classname="com.qa.testcases.LoginPageTest">
    <skipped/>
  </testcase> <!-- unSuccessfulLoginAttempts -->
  <testcase name="decipheringPassword" classname="com.qa.testcases.LoginPageTest">
    <skipped/>
  </testcase> <!-- decipheringPassword -->
  <testcase name="backButtonAfterLogout" classname="com.qa.testcases.LoginPageTest">
    <skipped/>
  </testcase> <!-- backButtonAfterLogout -->
  <testcase name="differentBrowserLogin" classname="com.qa.testcases.LoginPageTest">
    <skipped/>
  </testcase> <!-- differentBrowserLogin -->
  <testcase name="isLoginElementPresent" classname="com.qa.testcases.LoginPageTest">
    <skipped/>
  </testcase> <!-- isLoginElementPresent -->
  <testcase name="differentWindowLogin" classname="com.qa.testcases.LoginPageTest">
    <skipped/>
  </testcase> <!-- differentWindowLogin -->
  <testcase name="usernameLength" classname="com.qa.testcases.LoginPageTest">
    <skipped/>
  </testcase> <!-- usernameLength -->
  <testcase name="inActiveCredentials" classname="com.qa.testcases.LoginPageTest">
    <skipped/>
  </testcase> <!-- inActiveCredentials -->
  <testcase name="passwordLength" classname="com.qa.testcases.LoginPageTest">
    <skipped/>
  </testcase> <!-- passwordLength -->
  <testcase name="usernameLength2" classname="com.qa.testcases.LoginPageTest">
    <skipped/>
  </testcase> <!-- usernameLength2 -->
  <testcase name="backButtonAfterLogin" classname="com.qa.testcases.LoginPageTest">
    <skipped/>
  </testcase> <!-- backButtonAfterLogin -->
  <testcase name="reopenApplicationWindow" classname="com.qa.testcases.LoginPageTest">
    <skipped/>
  </testcase> <!-- reopenApplicationWindow -->
  <testcase name="differentTabLogin" classname="com.qa.testcases.LoginPageTest">
    <skipped/>
  </testcase> <!-- differentTabLogin -->
</testsuite> <!-- com.qa.testcases.LoginPageTest -->
