<?xml version="1.0" encoding="UTF-8"?>
<!-- Generated by org.testng.reporters.JUnitReportReporter -->
<testsuite skipped="14" hostname="santhoshs-MacBook-Air.local" name="com.qa.testcases.LoginPageTest" tests="15" failures="0" timestamp="20 Aug 2019 02:47:16 GMT" time="0.000" errors="1">
  <testcase name="setUp" time="0.000" classname="com.qa.testcases.LoginPageTest">
    <error type="org.testng.TestNGException" message="
Parameter &#039;browser&#039; is required by BeforeMethod on method setUp but has not been marked @Optional or defined
in /Users/santhoshdamodharan/Documents/workspace/PathFactory/testng.xml">
      <![CDATA[org.testng.TestNGException: 
Parameter 'browser' is required by BeforeMethod on method setUp but has not been marked @Optional or defined
in /Users/santhoshdamodharan/Documents/workspace/PathFactory/testng.xml
at org.testng.internal.Parameters.createParams(Parameters.java:290)
at org.testng.internal.Parameters.createParametersForMethod(Parameters.java:359)
at org.testng.internal.Parameters.createParameters(Parameters.java:620)
at org.testng.internal.Parameters.createConfigurationParameters(Parameters.java:190)
at org.testng.internal.Invoker.invokeConfigurations(Invoker.java:209)
at org.testng.internal.Invoker.invokeMethod(Invoker.java:523)
at org.testng.internal.Invoker.invokeTestMethod(Invoker.java:719)
at org.testng.internal.Invoker.invokeTestMethods(Invoker.java:989)
at org.testng.internal.TestMethodWorker.invokeTestMethods(TestMethodWorker.java:125)
at org.testng.internal.TestMethodWorker.run(TestMethodWorker.java:109)
at org.testng.TestRunner.privateRun(TestRunner.java:648)
at org.testng.TestRunner.run(TestRunner.java:505)
at org.testng.SuiteRunner.runTest(SuiteRunner.java:455)
at org.testng.SuiteRunner.runSequentially(SuiteRunner.java:450)
at org.testng.SuiteRunner.privateRun(SuiteRunner.java:415)
at org.testng.SuiteRunner.run(SuiteRunner.java:364)
at org.testng.SuiteRunnerWorker.runSuite(SuiteRunnerWorker.java:52)
at org.testng.SuiteRunnerWorker.run(SuiteRunnerWorker.java:84)
at org.testng.TestNG.runSuitesSequentially(TestNG.java:1208)
at org.testng.TestNG.runSuitesLocally(TestNG.java:1137)
at org.testng.TestNG.runSuites(TestNG.java:1049)
at org.testng.TestNG.run(TestNG.java:1017)
at org.testng.remote.AbstractRemoteTestNG.run(AbstractRemoteTestNG.java:114)
at org.testng.remote.RemoteTestNG.initAndRun(RemoteTestNG.java:251)
at org.testng.remote.RemoteTestNG.main(RemoteTestNG.java:77)
]]>
    </error>
  </testcase> <!-- setUp -->
  <testcase name="validateLoginPageTitle" time="0.000" classname="com.qa.testcases.LoginPageTest">
    <skipped/>
  </testcase> <!-- validateLoginPageTitle -->
  <testcase name="unSuccessfulLoginAttempts" classname="com.qa.testcases.LoginPageTest">
    <skipped/>
  </testcase> <!-- unSuccessfulLoginAttempts -->
  <testcase name="decipheringPassword" classname="com.qa.testcases.LoginPageTest">
    <skipped/>
  </testcase> <!-- decipheringPassword -->
  <testcase name="backButtonAfterLogout" classname="com.qa.testcases.LoginPageTest">
    <skipped/>
  </testcase> <!-- backButtonAfterLogout -->
  <testcase name="differentBrowserLogin" classname="com.qa.testcases.LoginPageTest">
    <skipped/>
  </testcase> <!-- differentBrowserLogin -->
  <testcase name="isLoginElementPresent" classname="com.qa.testcases.LoginPageTest">
    <skipped/>
  </testcase> <!-- isLoginElementPresent -->
  <testcase name="differentWindowLogin" classname="com.qa.testcases.LoginPageTest">
    <skipped/>
  </testcase> <!-- differentWindowLogin -->
  <testcase name="usernameLength" classname="com.qa.testcases.LoginPageTest">
    <skipped/>
  </testcase> <!-- usernameLength -->
  <testcase name="inActiveCredentials" classname="com.qa.testcases.LoginPageTest">
    <skipped/>
  </testcase> <!-- inActiveCredentials -->
  <testcase name="passwordLength" classname="com.qa.testcases.LoginPageTest">
    <skipped/>
  </testcase> <!-- passwordLength -->
  <testcase name="usernameLength2" classname="com.qa.testcases.LoginPageTest">
    <skipped/>
  </testcase> <!-- usernameLength2 -->
  <testcase name="backButtonAfterLogin" classname="com.qa.testcases.LoginPageTest">
    <skipped/>
  </testcase> <!-- backButtonAfterLogin -->
  <testcase name="reopenApplicationWindow" classname="com.qa.testcases.LoginPageTest">
    <skipped/>
  </testcase> <!-- reopenApplicationWindow -->
  <testcase name="differentTabLogin" classname="com.qa.testcases.LoginPageTest">
    <skipped/>
  </testcase> <!-- differentTabLogin -->
</testsuite> <!-- com.qa.testcases.LoginPageTest -->
