<?xml version="1.0" encoding="UTF-8"?>
<!-- Generated by org.testng.reporters.JUnitReportReporter -->
<testsuite skipped="0" hostname="santhoshs-MacBook-Air.local" name="com.qa.testcases.SignupPageTest" tests="1" failures="0" timestamp="20 Aug 2019 01:30:40 GMT" time="33.234" errors="0">
  <testcase name="signUpScreenTestcase" time="33.234" classname="com.qa.testcases.SignupPageTest"/>
</testsuite> <!-- com.qa.testcases.SignupPageTest -->
