<?xml version="1.0" encoding="UTF-8"?>
<!-- Generated by org.testng.reporters.JUnitReportReporter -->
<testsuite skipped="3" hostname="santhoshs-MacBook-Air.local" name="com.qa.testcases.ForgetPasswordPageTest" tests="4" failures="0" timestamp="20 Aug 2019 01:30:30 GMT" time="12.412" errors="0">
  <testcase name="redirectedToForgotPasswordPage" time="12.412" classname="com.qa.testcases.ForgetPasswordPageTest"/>
  <testcase name="oldPasswordLogin" classname="com.qa.testcases.ForgetPasswordPageTest">
    <skipped/>
  </testcase> <!-- oldPasswordLogin -->
  <testcase name="validUsername" classname="com.qa.testcases.ForgetPasswordPageTest">
    <skipped/>
  </testcase> <!-- validUsername -->
  <testcase name="newPasswordLogin" classname="com.qa.testcases.ForgetPasswordPageTest">
    <skipped/>
  </testcase> <!-- newPasswordLogin -->
</testsuite> <!-- com.qa.testcases.ForgetPasswordPageTest -->
