<?xml version="1.0" encoding="UTF-8"?>
<!-- Generated by org.testng.reporters.JUnitReportReporter -->
<testsuite skipped="4" hostname="santhoshs-MacBook-Air.local" name="com.qa.testcases.ForgetPasswordPageTest" tests="14" failures="0" timestamp="21 Aug 2019 07:42:39 GMT" time="131.619" errors="0">
  <testcase name="redirectedToForgotPasswordPage" time="39.103" classname="com.qa.testcases.ForgetPasswordPageTest"/>
  <testcase name="redirectedToForgotPasswordPage" time="10.190" classname="com.qa.testcases.ForgetPasswordPageTest"/>
  <testcase name="unregisteredUsername" time="9.039" classname="com.qa.testcases.ForgetPasswordPageTest"/>
  <testcase name="unregisteredUsername" time="10.843" classname="com.qa.testcases.ForgetPasswordPageTest"/>
  <testcase name="invalidUsername" time="10.104" classname="com.qa.testcases.ForgetPasswordPageTest"/>
  <testcase name="invalidUsername" time="14.127" classname="com.qa.testcases.ForgetPasswordPageTest"/>
  <testcase name="validUsername" time="8.521" classname="com.qa.testcases.ForgetPasswordPageTest"/>
  <testcase name="validUsername" time="10.076" classname="com.qa.testcases.ForgetPasswordPageTest"/>
  <testcase name="emptyUsername" time="8.138" classname="com.qa.testcases.ForgetPasswordPageTest"/>
  <testcase name="emptyUsername" time="11.478" classname="com.qa.testcases.ForgetPasswordPageTest"/>
  <testcase name="oldPasswordLogin" classname="com.qa.testcases.ForgetPasswordPageTest">
    <skipped/>
  </testcase> <!-- oldPasswordLogin -->
  <testcase name="oldPasswordLogin" classname="com.qa.testcases.ForgetPasswordPageTest">
    <skipped/>
  </testcase> <!-- oldPasswordLogin -->
  <testcase name="newPasswordLogin" classname="com.qa.testcases.ForgetPasswordPageTest">
    <skipped/>
  </testcase> <!-- newPasswordLogin -->
  <testcase name="newPasswordLogin" classname="com.qa.testcases.ForgetPasswordPageTest">
    <skipped/>
  </testcase> <!-- newPasswordLogin -->
</testsuite> <!-- com.qa.testcases.ForgetPasswordPageTest -->
