<?xml version="1.0" encoding="UTF-8"?>
<!-- Generated by org.testng.reporters.JUnitReportReporter -->
<testsuite skipped="26" hostname="santhoshs-MacBook-Air.local" name="com.qa.testcases.LoginPageTest" tests="48" failures="1" timestamp="21 Aug 2019 07:42:34 GMT" time="189.751" errors="0">
  <testcase name="validateLoginPageTitle" time="8.469" classname="com.qa.testcases.LoginPageTest"/>
  <testcase name="validateLoginPageTitle" time="6.082" classname="com.qa.testcases.LoginPageTest"/>
  <testcase name="logoImageTest" time="7.709" classname="com.qa.testcases.LoginPageTest"/>
  <testcase name="logoImageTest" time="8.473" classname="com.qa.testcases.LoginPageTest"/>
  <testcase name="validCredentials" time="7.623" classname="com.qa.testcases.LoginPageTest"/>
  <testcase name="validCredentials" time="10.808" classname="com.qa.testcases.LoginPageTest"/>
  <testcase name="emptyCredentials" time="9.158" classname="com.qa.testcases.LoginPageTest"/>
  <testcase name="emptyCredentials" time="7.435" classname="com.qa.testcases.LoginPageTest"/>
  <testcase name="emptyUsername" time="8.378" classname="com.qa.testcases.LoginPageTest"/>
  <testcase name="emptyUsername" time="9.229" classname="com.qa.testcases.LoginPageTest"/>
  <testcase name="emptyPassword" time="10.260" classname="com.qa.testcases.LoginPageTest"/>
  <testcase name="emptyPassword" time="8.046" classname="com.qa.testcases.LoginPageTest"/>
  <testcase name="unregisteredUsername" time="8.935" classname="com.qa.testcases.LoginPageTest"/>
  <testcase name="unregisteredUsername" time="9.769" classname="com.qa.testcases.LoginPageTest"/>
  <testcase name="invalidPassword" time="10.829" classname="com.qa.testcases.LoginPageTest"/>
  <testcase name="invalidPassword" time="7.655" classname="com.qa.testcases.LoginPageTest"/>
  <testcase name="invalidUsername" time="7.886" classname="com.qa.testcases.LoginPageTest"/>
  <testcase name="invalidUsername" time="9.928" classname="com.qa.testcases.LoginPageTest"/>
  <testcase name="isPasswordVisible" time="10.127" classname="com.qa.testcases.LoginPageTest"/>
  <testcase name="isPasswordVisible" time="6.218" classname="com.qa.testcases.LoginPageTest"/>
  <testcase name="isEnterKeyAllowed" time="8.778" classname="com.qa.testcases.LoginPageTest">
    <failure type="java.lang.AssertionError" message="expected:&lt;http://automationpractice.com/index.php?controller=authentication&amp;back=my-account&gt; but was:&lt;http://automationpractice.com/index.php?controller=my-account&gt;">
      <![CDATA[java.lang.AssertionError: expected:<http://automationpractice.com/index.php?controller=authentication&back=my-account> but was:<http://automationpractice.com/index.php?controller=my-account>
	at org.testng.AssertJUnit.assertEquals(AssertJUnit.java:101)
	at org.testng.AssertJUnit.assertEquals(AssertJUnit.java:108)
	at com.qa.testcases.LoginPageTest.isEnterKeyAllowed(LoginPageTest.java:193)
	at sun.reflect.NativeMethodAccessorImpl.invoke0(Native Method)
	at sun.reflect.NativeMethodAccessorImpl.invoke(NativeMethodAccessorImpl.java:62)
	at sun.reflect.DelegatingMethodAccessorImpl.invoke(DelegatingMethodAccessorImpl.java:43)
	at java.lang.reflect.Method.invoke(Method.java:498)
	at org.testng.internal.MethodInvocationHelper.invokeMethod(MethodInvocationHelper.java:108)
	at org.testng.internal.Invoker.invokeMethod(Invoker.java:661)
	at org.testng.internal.Invoker.invokeTestMethod(Invoker.java:869)
	at org.testng.internal.Invoker.invokeTestMethods(Invoker.java:1193)
	at org.testng.internal.TestMethodWorker.invokeTestMethods(TestMethodWorker.java:126)
	at org.testng.internal.TestMethodWorker.run(TestMethodWorker.java:109)
	at org.testng.TestRunner.privateRun(TestRunner.java:744)
	at org.testng.TestRunner.run(TestRunner.java:602)
	at org.testng.SuiteRunner.runTest(SuiteRunner.java:380)
	at org.testng.SuiteRunner.runSequentially(SuiteRunner.java:375)
	at org.testng.SuiteRunner.privateRun(SuiteRunner.java:340)
	at org.testng.SuiteRunner.run(SuiteRunner.java:289)
	at org.testng.SuiteRunnerWorker.runSuite(SuiteRunnerWorker.java:52)
	at org.testng.SuiteRunnerWorker.run(SuiteRunnerWorker.java:86)
	at org.testng.TestNG.runSuitesSequentially(TestNG.java:1301)
	at org.testng.TestNG.runSuitesLocally(TestNG.java:1226)
	at org.testng.TestNG.runSuites(TestNG.java:1144)
	at org.testng.TestNG.run(TestNG.java:1115)
	at org.apache.maven.surefire.testng.TestNGExecutor.run(TestNGExecutor.java:283)
	at org.apache.maven.surefire.testng.TestNGXmlTestSuite.execute(TestNGXmlTestSuite.java:75)
	at org.apache.maven.surefire.testng.TestNGProvider.invoke(TestNGProvider.java:120)
	at org.apache.maven.surefire.booter.ForkedBooter.invokeProviderInSameClassLoader(ForkedBooter.java:384)
	at org.apache.maven.surefire.booter.ForkedBooter.runSuitesInProcess(ForkedBooter.java:345)
	at org.apache.maven.surefire.booter.ForkedBooter.execute(ForkedBooter.java:126)
	at org.apache.maven.surefire.booter.ForkedBooter.main(ForkedBooter.java:418)
]]>
    </failure>
  </testcase> <!-- isEnterKeyAllowed -->
  <testcase name="isEnterKeyAllowed" time="7.956" classname="com.qa.testcases.LoginPageTest"/>
  <testcase name="unSuccessfulLoginAttempts" classname="com.qa.testcases.LoginPageTest">
    <skipped/>
  </testcase> <!-- unSuccessfulLoginAttempts -->
  <testcase name="decipheringPassword" classname="com.qa.testcases.LoginPageTest">
    <skipped/>
  </testcase> <!-- decipheringPassword -->
  <testcase name="unSuccessfulLoginAttempts" classname="com.qa.testcases.LoginPageTest">
    <skipped/>
  </testcase> <!-- unSuccessfulLoginAttempts -->
  <testcase name="decipheringPassword" classname="com.qa.testcases.LoginPageTest">
    <skipped/>
  </testcase> <!-- decipheringPassword -->
  <testcase name="differentWindowLogin" classname="com.qa.testcases.LoginPageTest">
    <skipped/>
  </testcase> <!-- differentWindowLogin -->
  <testcase name="differentWindowLogin" classname="com.qa.testcases.LoginPageTest">
    <skipped/>
  </testcase> <!-- differentWindowLogin -->
  <testcase name="usernameLength" classname="com.qa.testcases.LoginPageTest">
    <skipped/>
  </testcase> <!-- usernameLength -->
  <testcase name="usernameLength" classname="com.qa.testcases.LoginPageTest">
    <skipped/>
  </testcase> <!-- usernameLength -->
  <testcase name="passwordLength" classname="com.qa.testcases.LoginPageTest">
    <skipped/>
  </testcase> <!-- passwordLength -->
  <testcase name="passwordLength" classname="com.qa.testcases.LoginPageTest">
    <skipped/>
  </testcase> <!-- passwordLength -->
  <testcase name="reopenApplicationWindow" classname="com.qa.testcases.LoginPageTest">
    <skipped/>
  </testcase> <!-- reopenApplicationWindow -->
  <testcase name="reopenApplicationWindow" classname="com.qa.testcases.LoginPageTest">
    <skipped/>
  </testcase> <!-- reopenApplicationWindow -->
  <testcase name="backButtonAfterLogout" classname="com.qa.testcases.LoginPageTest">
    <skipped/>
  </testcase> <!-- backButtonAfterLogout -->
  <testcase name="backButtonAfterLogout" classname="com.qa.testcases.LoginPageTest">
    <skipped/>
  </testcase> <!-- backButtonAfterLogout -->
  <testcase name="differentBrowserLogin" classname="com.qa.testcases.LoginPageTest">
    <skipped/>
  </testcase> <!-- differentBrowserLogin -->
  <testcase name="differentBrowserLogin" classname="com.qa.testcases.LoginPageTest">
    <skipped/>
  </testcase> <!-- differentBrowserLogin -->
  <testcase name="isLoginElementPresent" classname="com.qa.testcases.LoginPageTest">
    <skipped/>
  </testcase> <!-- isLoginElementPresent -->
  <testcase name="isLoginElementPresent" classname="com.qa.testcases.LoginPageTest">
    <skipped/>
  </testcase> <!-- isLoginElementPresent -->
  <testcase name="inActiveCredentials" classname="com.qa.testcases.LoginPageTest">
    <skipped/>
  </testcase> <!-- inActiveCredentials -->
  <testcase name="inActiveCredentials" classname="com.qa.testcases.LoginPageTest">
    <skipped/>
  </testcase> <!-- inActiveCredentials -->
  <testcase name="usernameLength2" classname="com.qa.testcases.LoginPageTest">
    <skipped/>
  </testcase> <!-- usernameLength2 -->
  <testcase name="usernameLength2" classname="com.qa.testcases.LoginPageTest">
    <skipped/>
  </testcase> <!-- usernameLength2 -->
  <testcase name="backButtonAfterLogin" classname="com.qa.testcases.LoginPageTest">
    <skipped/>
  </testcase> <!-- backButtonAfterLogin -->
  <testcase name="backButtonAfterLogin" classname="com.qa.testcases.LoginPageTest">
    <skipped/>
  </testcase> <!-- backButtonAfterLogin -->
  <testcase name="differentTabLogin" classname="com.qa.testcases.LoginPageTest">
    <skipped/>
  </testcase> <!-- differentTabLogin -->
  <testcase name="differentTabLogin" classname="com.qa.testcases.LoginPageTest">
    <skipped/>
  </testcase> <!-- differentTabLogin -->
</testsuite> <!-- com.qa.testcases.LoginPageTest -->
