<?xml version="1.0" encoding="UTF-8"?>
<!-- Generated by org.testng.reporters.JUnitReportReporter -->
<testsuite skipped="3" hostname="santhoshs-MacBook-Air.local" name="com.qa.testcases.ForgetPasswordPageTest" tests="7" failures="0" timestamp="20 Aug 2019 03:56:08 GMT" time="81.288" errors="0">
  <testcase name="redirectedToForgotPasswordPage" time="29.274" classname="com.qa.testcases.ForgetPasswordPageTest"/>
  <testcase name="unregisteredUsername" time="27.873" classname="com.qa.testcases.ForgetPasswordPageTest"/>
  <testcase name="invalidUsername" time="11.086" classname="com.qa.testcases.ForgetPasswordPageTest"/>
  <testcase name="emptyUsername" time="13.055" classname="com.qa.testcases.ForgetPasswordPageTest"/>
  <testcase name="oldPasswordLogin" classname="com.qa.testcases.ForgetPasswordPageTest">
    <skipped/>
  </testcase> <!-- oldPasswordLogin -->
  <testcase name="validUsername" classname="com.qa.testcases.ForgetPasswordPageTest">
    <skipped/>
  </testcase> <!-- validUsername -->
  <testcase name="newPasswordLogin" classname="com.qa.testcases.ForgetPasswordPageTest">
    <skipped/>
  </testcase> <!-- newPasswordLogin -->
</testsuite> <!-- com.qa.testcases.ForgetPasswordPageTest -->
